<?xml version="1.0" encoding="UTF-8"?>
<testsuite name="be.pxl.vegisens.integrationtest.IntegrationTest" time="0.364" tests="1" errors="1" skipped="0" failures="0">
  <properties>
[...]
</properties>
  <testcase name="createGrowableItem" classname="be.pxl.vegisens.integrationtest.IntegrationTest" time="0.364">
    <error message="I/O error on POST request for &quot;http://localhost:8081/growableItems/add&quot;: cannot retry due to server authentication, in streaming mode; nested exception is java.net.HttpRetryException: cannot retry due to server authentication, in streaming mode" type="org.springframework.web.client.ResourceAccessException">org.springframework.web.client.ResourceAccessException: I/O error on POST request for "http://localhost:8081/growableItems/add": cannot retry due to server authentication, in streaming mode; nested exception is java.net.HttpRetryException: cannot retry due to server authentication, in streaming mode
	at sun.net.www.protocol.http.HttpURLConnection.getInputStream0(HttpURLConnection.java:1638)
	at sun.net.www.protocol.http.HttpURLConnection.getInputStream(HttpURLConnection.java:1441)
	at java.net.HttpURLConnection.getResponseCode(HttpURLConnection.java:480)
	at org.springframework.http.client.SimpleClientHttpResponse.getRawStatusCode(SimpleClientHttpResponse.java:52)
	at org.springframework.http.client.AbstractClientHttpResponse.getStatusCode(AbstractClientHttpResponse.java:33)
	at org.springframework.web.client.DefaultResponseErrorHandler.getHttpStatusCode(DefaultResponseErrorHandler.java:56)
	at org.springframework.web.client.DefaultResponseErrorHandler.hasError(DefaultResponseErrorHandler.java:50)
	at org.springframework.web.client.RestTemplate.handleResponse(RestTemplate.java:655)
	at org.springframework.web.client.RestTemplate.doExecute(RestTemplate.java:620)
	at org.springframework.web.client.RestTemplate.execute(RestTemplate.java:580)
	at org.springframework.web.client.RestTemplate.postForEntity(RestTemplate.java:407)
	at org.springframework.boot.test.web.client.TestRestTemplate.postForEntity(TestRestTemplate.java:461)
	at be.pxl.vegisens.integrationtest.IntegrationTest.createGrowableItem(IntegrationTest.java:44)
</error>
    <system-out><![CDATA[10:01:57.941 [main] DEBUG org.springframework.test.context.junit4.SpringJUnit4ClassRunner - SpringJUnit4ClassRunner constructor called with [class be.pxl.vegisens.integrationtest.IntegrationTest]
10:01:57.948 [main] DEBUG org.springframework.test.context.BootstrapUtils - Instantiating CacheAwareContextLoaderDelegate from class [org.springframework.test.context.cache.DefaultCacheAwareContextLoaderDelegate]
10:01:57.958 [main] DEBUG org.springframework.test.context.BootstrapUtils - Instantiating BootstrapContext using constructor [public org.springframework.test.context.support.DefaultBootstrapContext(java.lang.Class,org.springframework.test.context.CacheAwareContextLoaderDelegate)]
10:01:57.977 [main] DEBUG org.springframework.test.context.BootstrapUtils - Instantiating TestContextBootstrapper for test class [be.pxl.vegisens.integrationtest.IntegrationTest] from class [org.springframework.boot.test.context.SpringBootTestContextBootstrapper]
10:01:57.993 [main] INFO org.springframework.boot.test.context.SpringBootTestContextBootstrapper - Neither @ContextConfiguration nor @ContextHierarchy found for test class [be.pxl.vegisens.integrationtest.IntegrationTest], using SpringBootContextLoader
10:01:57.998 [main] DEBUG org.springframework.test.context.support.AbstractContextLoader - Did not detect default resource location for test class [be.pxl.vegisens.integrationtest.IntegrationTest]: class path resource [be/pxl/vegisens/integrationtest/IntegrationTest-context.xml] does not exist
10:01:57.998 [main] DEBUG org.springframework.test.context.support.AbstractContextLoader - Did not detect default resource location for test class [be.pxl.vegisens.integrationtest.IntegrationTest]: class path resource [be/pxl/vegisens/integrationtest/IntegrationTestContext.groovy] does not exist
10:01:57.999 [main] INFO org.springframework.test.context.support.AbstractContextLoader - Could not detect default resource locations for test class [be.pxl.vegisens.integrationtest.IntegrationTest]: no resource found for suffixes {-context.xml, Context.groovy}.
10:01:58.000 [main] INFO org.springframework.test.context.support.AnnotationConfigContextLoaderUtils - Could not detect default configuration classes for test class [be.pxl.vegisens.integrationtest.IntegrationTest]: IntegrationTest does not declare any static, non-private, non-final, nested classes annotated with @Configuration.
10:01:58.036 [main] DEBUG org.springframework.test.context.support.ActiveProfilesUtils - Could not find an 'annotation declaring class' for annotation type [org.springframework.test.context.ActiveProfiles] and class [be.pxl.vegisens.integrationtest.IntegrationTest]
10:01:58.081 [main] DEBUG org.springframework.core.env.StandardEnvironment - Adding [systemProperties] PropertySource with lowest search precedence
10:01:58.081 [main] DEBUG org.springframework.core.env.StandardEnvironment - Adding [systemEnvironment] PropertySource with lowest search precedence
10:01:58.081 [main] DEBUG org.springframework.core.env.StandardEnvironment - Initialized StandardEnvironment with PropertySources [systemProperties,systemEnvironment]
10:01:58.092 [main] DEBUG org.springframework.core.io.support.PathMatchingResourcePatternResolver - Resolved classpath location [be/pxl/vegisens/integrationtest/] to resources [URL [file:/C:/schoolArno/Project%20-%20entmob2016_3/entmob2016_3/1%20-%20VegiSens%20Java%20Eclipse/vegisens/target/test-classes/be/pxl/vegisens/integrationtest/]]
10:01:58.092 [main] DEBUG org.springframework.core.io.support.PathMatchingResourcePatternResolver - Looking for matching resources in directory tree [C:\schoolArno\Project - entmob2016_3\entmob2016_3\1 - VegiSens Java Eclipse\vegisens\target\test-classes\be\pxl\vegisens\integrationtest]
10:01:58.093 [main] DEBUG org.springframework.core.io.support.PathMatchingResourcePatternResolver - Searching directory [C:\schoolArno\Project - entmob2016_3\entmob2016_3\1 - VegiSens Java Eclipse\vegisens\target\test-classes\be\pxl\vegisens\integrationtest] for files matching pattern [C:/schoolArno/Project - entmob2016_3/entmob2016_3/1 - VegiSens Java Eclipse/vegisens/target/test-classes/be/pxl/vegisens/integrationtest/*.class]
10:01:58.098 [main] DEBUG org.springframework.core.io.support.PathMatchingResourcePatternResolver - Resolved location pattern [classpath*:be/pxl/vegisens/integrationtest/*.class] to resources [file [C:\schoolArno\Project - entmob2016_3\entmob2016_3\1 - VegiSens Java Eclipse\vegisens\target\test-classes\be\pxl\vegisens\integrationtest\IntegrationTest.class]]
10:01:58.117 [main] DEBUG org.springframework.core.io.support.PathMatchingResourcePatternResolver - Resolved classpath location [be/pxl/vegisens/] to resources [URL [file:/C:/schoolArno/Project%20-%20entmob2016_3/entmob2016_3/1%20-%20VegiSens%20Java%20Eclipse/vegisens/target/test-classes/be/pxl/vegisens/], URL [file:/C:/schoolArno/Project%20-%20entmob2016_3/entmob2016_3/1%20-%20VegiSens%20Java%20Eclipse/vegisens/target/classes/be/pxl/vegisens/]]
10:01:58.118 [main] DEBUG org.springframework.core.io.support.PathMatchingResourcePatternResolver - Looking for matching resources in directory tree [C:\schoolArno\Project - entmob2016_3\entmob2016_3\1 - VegiSens Java Eclipse\vegisens\target\test-classes\be\pxl\vegisens]
10:01:58.118 [main] DEBUG org.springframework.core.io.support.PathMatchingResourcePatternResolver - Searching directory [C:\schoolArno\Project - entmob2016_3\entmob2016_3\1 - VegiSens Java Eclipse\vegisens\target\test-classes\be\pxl\vegisens] for files matching pattern [C:/schoolArno/Project - entmob2016_3/entmob2016_3/1 - VegiSens Java Eclipse/vegisens/target/test-classes/be/pxl/vegisens/*.class]
10:01:58.119 [main] DEBUG org.springframework.core.io.support.PathMatchingResourcePatternResolver - Looking for matching resources in directory tree [C:\schoolArno\Project - entmob2016_3\entmob2016_3\1 - VegiSens Java Eclipse\vegisens\target\classes\be\pxl\vegisens]
10:01:58.119 [main] DEBUG org.springframework.core.io.support.PathMatchingResourcePatternResolver - Searching directory [C:\schoolArno\Project - entmob2016_3\entmob2016_3\1 - VegiSens Java Eclipse\vegisens\target\classes\be\pxl\vegisens] for files matching pattern [C:/schoolArno/Project - entmob2016_3/entmob2016_3/1 - VegiSens Java Eclipse/vegisens/target/classes/be/pxl/vegisens/*.class]
10:01:58.121 [main] DEBUG org.springframework.core.io.support.PathMatchingResourcePatternResolver - Resolved location pattern [classpath*:be/pxl/vegisens/*.class] to resources [file [C:\schoolArno\Project - entmob2016_3\entmob2016_3\1 - VegiSens Java Eclipse\vegisens\target\classes\be\pxl\vegisens\VegiSensApplication.class]]
10:01:58.171 [main] DEBUG org.springframework.context.annotation.ClassPathScanningCandidateComponentProvider - Identified candidate component class: file [C:\schoolArno\Project - entmob2016_3\entmob2016_3\1 - VegiSens Java Eclipse\vegisens\target\classes\be\pxl\vegisens\VegiSensApplication.class]
10:01:58.171 [main] INFO org.springframework.boot.test.context.SpringBootTestContextBootstrapper - Found @SpringBootConfiguration be.pxl.vegisens.VegiSensApplication for test class be.pxl.vegisens.integrationtest.IntegrationTest
10:01:58.174 [main] DEBUG org.springframework.boot.test.context.SpringBootTestContextBootstrapper - @TestExecutionListeners is not present for class [be.pxl.vegisens.integrationtest.IntegrationTest]: using defaults.
10:01:58.179 [main] INFO org.springframework.boot.test.context.SpringBootTestContextBootstrapper - Loaded default TestExecutionListener class names from location [META-INF/spring.factories]: [org.springframework.security.test.context.support.WithSecurityContextTestExecutionListener, org.springframework.test.context.web.ServletTestExecutionListener, org.springframework.test.context.support.DirtiesContextBeforeModesTestExecutionListener, org.springframework.test.context.support.DependencyInjectionTestExecutionListener, org.springframework.test.context.support.DirtiesContextTestExecutionListener, org.springframework.test.context.transaction.TransactionalTestExecutionListener, org.springframework.test.context.jdbc.SqlScriptsTestExecutionListener, org.springframework.boot.test.mock.mockito.MockitoTestExecutionListener, org.springframework.boot.test.mock.mockito.ResetMocksTestExecutionListener, org.springframework.boot.test.autoconfigure.restdocs.RestDocsTestExecutionListener, org.springframework.boot.test.autoconfigure.web.client.MockRestServiceServerResetTestExecutionListener, org.springframework.boot.test.autoconfigure.web.servlet.MockMvcPrintOnlyOnFailureTestExecutionListener, org.springframework.boot.test.autoconfigure.web.servlet.WebDriverTestExecutionListener]
10:01:58.203 [main] INFO org.springframework.boot.test.context.SpringBootTestContextBootstrapper - Using TestExecutionListeners: [org.springframework.test.context.web.ServletTestExecutionListener@4fe767f3, org.springframework.test.context.support.DirtiesContextBeforeModesTestExecutionListener@2805c96b, org.springframework.boot.test.autoconfigure.SpringBootDependencyInjectionTestExecutionListener@184cf7cf, org.springframework.test.context.support.DirtiesContextTestExecutionListener@2fd6b6c7, org.springframework.test.context.transaction.TransactionalTestExecutionListener@5bfa9431, org.springframework.test.context.jdbc.SqlScriptsTestExecutionListener@5db250b4, org.springframework.security.test.context.support.WithSecurityContextTestExecutionListener@223f3642, org.springframework.boot.test.mock.mockito.MockitoTestExecutionListener@38c5cc4c, org.springframework.boot.test.autoconfigure.web.servlet.WebDriverTestExecutionListener@37918c79, org.springframework.boot.test.autoconfigure.web.servlet.MockMvcPrintOnlyOnFailureTestExecutionListener@78e94dcf, org.springframework.boot.test.autoconfigure.web.client.MockRestServiceServerResetTestExecutionListener@233fe9b6, org.springframework.boot.test.mock.mockito.ResetMocksTestExecutionListener@358ee631, org.springframework.boot.test.autoconfigure.restdocs.RestDocsTestExecutionListener@ec756bd]
10:01:58.241 [main] DEBUG org.springframework.test.context.junit4.SpringJUnit4ClassRunner - SpringJUnit4ClassRunner constructor called with [class be.pxl.vegisens.unittest.WebMvcControllerTest]
10:01:58.241 [main] DEBUG org.springframework.test.context.BootstrapUtils - Instantiating CacheAwareContextLoaderDelegate from class [org.springframework.test.context.cache.DefaultCacheAwareContextLoaderDelegate]
10:01:58.241 [main] DEBUG org.springframework.test.context.BootstrapUtils - Instantiating BootstrapContext using constructor [public org.springframework.test.context.support.DefaultBootstrapContext(java.lang.Class,org.springframework.test.context.CacheAwareContextLoaderDelegate)]
10:01:58.244 [main] DEBUG org.springframework.test.context.BootstrapUtils - Instantiating TestContextBootstrapper for test class [be.pxl.vegisens.unittest.WebMvcControllerTest] from class [org.springframework.boot.test.context.SpringBootTestContextBootstrapper]
10:01:58.245 [main] INFO org.springframework.boot.test.context.SpringBootTestContextBootstrapper - Neither @ContextConfiguration nor @ContextHierarchy found for test class [be.pxl.vegisens.unittest.WebMvcControllerTest], using SpringBootContextLoader
10:01:58.246 [main] DEBUG org.springframework.test.context.support.AbstractContextLoader - Did not detect default resource location for test class [be.pxl.vegisens.unittest.WebMvcControllerTest]: class path resource [be/pxl/vegisens/unittest/WebMvcControllerTest-context.xml] does not exist
10:01:58.246 [main] DEBUG org.springframework.test.context.support.AbstractContextLoader - Did not detect default resource location for test class [be.pxl.vegisens.unittest.WebMvcControllerTest]: class path resource [be/pxl/vegisens/unittest/WebMvcControllerTestContext.groovy] does not exist
10:01:58.246 [main] INFO org.springframework.test.context.support.AbstractContextLoader - Could not detect default resource locations for test class [be.pxl.vegisens.unittest.WebMvcControllerTest]: no resource found for suffixes {-context.xml, Context.groovy}.
10:01:58.265 [main] DEBUG org.springframework.test.context.support.ActiveProfilesUtils - Could not find an 'annotation declaring class' for annotation type [org.springframework.test.context.ActiveProfiles] and class [be.pxl.vegisens.unittest.WebMvcControllerTest]
10:01:58.280 [main] DEBUG org.springframework.boot.test.context.SpringBootTestContextBootstrapper - @TestExecutionListeners is not present for class [be.pxl.vegisens.unittest.WebMvcControllerTest]: using defaults.
10:01:58.283 [main] INFO org.springframework.boot.test.context.SpringBootTestContextBootstrapper - Loaded default TestExecutionListener class names from location [META-INF/spring.factories]: [org.springframework.security.test.context.support.WithSecurityContextTestExecutionListener, org.springframework.test.context.web.ServletTestExecutionListener, org.springframework.test.context.support.DirtiesContextBeforeModesTestExecutionListener, org.springframework.test.context.support.DependencyInjectionTestExecutionListener, org.springframework.test.context.support.DirtiesContextTestExecutionListener, org.springframework.test.context.transaction.TransactionalTestExecutionListener, org.springframework.test.context.jdbc.SqlScriptsTestExecutionListener, org.springframework.boot.test.mock.mockito.MockitoTestExecutionListener, org.springframework.boot.test.mock.mockito.ResetMocksTestExecutionListener, org.springframework.boot.test.autoconfigure.restdocs.RestDocsTestExecutionListener, org.springframework.boot.test.autoconfigure.web.client.MockRestServiceServerResetTestExecutionListener, org.springframework.boot.test.autoconfigure.web.servlet.MockMvcPrintOnlyOnFailureTestExecutionListener, org.springframework.boot.test.autoconfigure.web.servlet.WebDriverTestExecutionListener]
10:01:58.288 [main] INFO org.springframework.boot.test.context.SpringBootTestContextBootstrapper - Using TestExecutionListeners: [org.springframework.test.context.web.ServletTestExecutionListener@192d43ce, org.springframework.test.context.support.DirtiesContextBeforeModesTestExecutionListener@72057ecf, org.springframework.boot.test.autoconfigure.SpringBootDependencyInjectionTestExecutionListener@1afd44cb, org.springframework.test.context.support.DirtiesContextTestExecutionListener@6973b51b, org.springframework.test.context.transaction.TransactionalTestExecutionListener@1ab3a8c8, org.springframework.test.context.jdbc.SqlScriptsTestExecutionListener@43195e57, org.springframework.security.test.context.support.WithSecurityContextTestExecutionListener@333291e3, org.springframework.boot.test.mock.mockito.MockitoTestExecutionListener@479d31f3, org.springframework.boot.test.autoconfigure.web.servlet.WebDriverTestExecutionListener@40ef3420, org.springframework.boot.test.autoconfigure.web.servlet.MockMvcPrintOnlyOnFailureTestExecutionListener@498d318c, org.springframework.boot.test.autoconfigure.web.client.MockRestServiceServerResetTestExecutionListener@6e171cd7, org.springframework.boot.test.mock.mockito.ResetMocksTestExecutionListener@402bba4f, org.springframework.boot.test.autoconfigure.restdocs.RestDocsTestExecutionListener@795cd85e]
10:01:58.291 [main] DEBUG org.springframework.test.annotation.ProfileValueUtils - Retrieved @ProfileValueSourceConfiguration [null] for test class [be.pxl.vegisens.integrationtest.IntegrationTest]
10:01:58.291 [main] DEBUG org.springframework.test.annotation.ProfileValueUtils - Retrieved ProfileValueSource type [class org.springframework.test.annotation.SystemProfileValueSource] for class [be.pxl.vegisens.integrationtest.IntegrationTest]
10:01:58.292 [main] DEBUG org.springframework.test.annotation.ProfileValueUtils - Retrieved @ProfileValueSourceConfiguration [null] for test class [be.pxl.vegisens.unittest.WebMvcControllerTest]
10:01:58.292 [main] DEBUG org.springframework.test.annotation.ProfileValueUtils - Retrieved ProfileValueSource type [class org.springframework.test.annotation.SystemProfileValueSource] for class [be.pxl.vegisens.unittest.WebMvcControllerTest]
10:01:58.294 [main] DEBUG org.springframework.test.context.junit4.SpringJUnit4ClassRunner - SpringJUnit4ClassRunner constructor called with [class be.pxl.vegisens.integrationtest.IntegrationTest]
10:01:58.294 [main] DEBUG org.springframework.test.context.BootstrapUtils - Instantiating CacheAwareContextLoaderDelegate from class [org.springframework.test.context.cache.DefaultCacheAwareContextLoaderDelegate]
10:01:58.294 [main] DEBUG org.springframework.test.context.BootstrapUtils - Instantiating BootstrapContext using constructor [public org.springframework.test.context.support.DefaultBootstrapContext(java.lang.Class,org.springframework.test.context.CacheAwareContextLoaderDelegate)]
10:01:58.295 [main] DEBUG org.springframework.test.context.BootstrapUtils - Instantiating TestContextBootstrapper for test class [be.pxl.vegisens.integrationtest.IntegrationTest] from class [org.springframework.boot.test.context.SpringBootTestContextBootstrapper]
10:01:58.295 [main] INFO org.springframework.boot.test.context.SpringBootTestContextBootstrapper - Neither @ContextConfiguration nor @ContextHierarchy found for test class [be.pxl.vegisens.integrationtest.IntegrationTest], using SpringBootContextLoader
10:01:58.296 [main] DEBUG org.springframework.test.context.support.AbstractContextLoader - Did not detect default resource location for test class [be.pxl.vegisens.integrationtest.IntegrationTest]: class path resource [be/pxl/vegisens/integrationtest/IntegrationTest-context.xml] does not exist
10:01:58.297 [main] DEBUG org.springframework.test.context.support.AbstractContextLoader - Did not detect default resource location for test class [be.pxl.vegisens.integrationtest.IntegrationTest]: class path resource [be/pxl/vegisens/integrationtest/IntegrationTestContext.groovy] does not exist
10:01:58.298 [main] INFO org.springframework.test.context.support.AbstractContextLoader - Could not detect default resource locations for test class [be.pxl.vegisens.integrationtest.IntegrationTest]: no resource found for suffixes {-context.xml, Context.groovy}.
10:01:58.298 [main] INFO org.springframework.test.context.support.AnnotationConfigContextLoaderUtils - Could not detect default configuration classes for test class [be.pxl.vegisens.integrationtest.IntegrationTest]: IntegrationTest does not declare any static, non-private, non-final, nested classes annotated with @Configuration.
10:01:58.304 [main] DEBUG org.springframework.test.context.support.ActiveProfilesUtils - Could not find an 'annotation declaring class' for annotation type [org.springframework.test.context.ActiveProfiles] and class [be.pxl.vegisens.integrationtest.IntegrationTest]
10:01:58.305 [main] DEBUG org.springframework.core.env.StandardEnvironment - Adding [systemProperties] PropertySource with lowest search precedence
10:01:58.305 [main] DEBUG org.springframework.core.env.StandardEnvironment - Adding [systemEnvironment] PropertySource with lowest search precedence
10:01:58.305 [main] DEBUG org.springframework.core.env.StandardEnvironment - Initialized StandardEnvironment with PropertySources [systemProperties,systemEnvironment]
10:01:58.305 [main] INFO org.springframework.boot.test.context.SpringBootTestContextBootstrapper - Found @SpringBootConfiguration be.pxl.vegisens.VegiSensApplication for test class be.pxl.vegisens.integrationtest.IntegrationTest
10:01:58.306 [main] DEBUG org.springframework.boot.test.context.SpringBootTestContextBootstrapper - @TestExecutionListeners is not present for class [be.pxl.vegisens.integrationtest.IntegrationTest]: using defaults.
10:01:58.310 [main] INFO org.springframework.boot.test.context.SpringBootTestContextBootstrapper - Loaded default TestExecutionListener class names from location [META-INF/spring.factories]: [org.springframework.security.test.context.support.WithSecurityContextTestExecutionListener, org.springframework.test.context.web.ServletTestExecutionListener, org.springframework.test.context.support.DirtiesContextBeforeModesTestExecutionListener, org.springframework.test.context.support.DependencyInjectionTestExecutionListener, org.springframework.test.context.support.DirtiesContextTestExecutionListener, org.springframework.test.context.transaction.TransactionalTestExecutionListener, org.springframework.test.context.jdbc.SqlScriptsTestExecutionListener, org.springframework.boot.test.mock.mockito.MockitoTestExecutionListener, org.springframework.boot.test.mock.mockito.ResetMocksTestExecutionListener, org.springframework.boot.test.autoconfigure.restdocs.RestDocsTestExecutionListener, org.springframework.boot.test.autoconfigure.web.client.MockRestServiceServerResetTestExecutionListener, org.springframework.boot.test.autoconfigure.web.servlet.MockMvcPrintOnlyOnFailureTestExecutionListener, org.springframework.boot.test.autoconfigure.web.servlet.WebDriverTestExecutionListener]
10:01:58.314 [main] INFO org.springframework.boot.test.context.SpringBootTestContextBootstrapper - Using TestExecutionListeners: [org.springframework.test.context.web.ServletTestExecutionListener@399f45b1, org.springframework.test.context.support.DirtiesContextBeforeModesTestExecutionListener@38c6f217, org.springframework.boot.test.autoconfigure.SpringBootDependencyInjectionTestExecutionListener@478190fc, org.springframework.test.context.support.DirtiesContextTestExecutionListener@79e2c065, org.springframework.test.context.transaction.TransactionalTestExecutionListener@3a93b025, org.springframework.test.context.jdbc.SqlScriptsTestExecutionListener@35cabb2a, org.springframework.security.test.context.support.WithSecurityContextTestExecutionListener@7e07db1f, org.springframework.boot.test.mock.mockito.MockitoTestExecutionListener@1189dd52, org.springframework.boot.test.autoconfigure.web.servlet.WebDriverTestExecutionListener@36bc55de, org.springframework.boot.test.autoconfigure.web.servlet.MockMvcPrintOnlyOnFailureTestExecutionListener@564fabc8, org.springframework.boot.test.autoconfigure.web.client.MockRestServiceServerResetTestExecutionListener@16d04d3d, org.springframework.boot.test.mock.mockito.ResetMocksTestExecutionListener@49ec71f8, org.springframework.boot.test.autoconfigure.restdocs.RestDocsTestExecutionListener@1d2adfbe]
10:01:58.315 [main] DEBUG org.springframework.test.annotation.ProfileValueUtils - Retrieved @ProfileValueSourceConfiguration [null] for test class [be.pxl.vegisens.integrationtest.IntegrationTest]
10:01:58.315 [main] DEBUG org.springframework.test.annotation.ProfileValueUtils - Retrieved ProfileValueSource type [class org.springframework.test.annotation.SystemProfileValueSource] for class [be.pxl.vegisens.integrationtest.IntegrationTest]
10:01:58.317 [main] DEBUG org.springframework.test.annotation.ProfileValueUtils - Retrieved @ProfileValueSourceConfiguration [null] for test class [be.pxl.vegisens.integrationtest.IntegrationTest]
10:01:58.317 [main] DEBUG org.springframework.test.annotation.ProfileValueUtils - Retrieved ProfileValueSource type [class org.springframework.test.annotation.SystemProfileValueSource] for class [be.pxl.vegisens.integrationtest.IntegrationTest]
10:01:58.320 [main] DEBUG org.springframework.test.context.support.AbstractDirtiesContextTestExecutionListener - Before test class: context [DefaultTestContext@158d2680 testClass = IntegrationTest, testInstance = [null], testMethod = [null], testException = [null], mergedContextConfiguration = [WebMergedContextConfiguration@77847718 testClass = IntegrationTest, locations = '{}', classes = '{class be.pxl.vegisens.VegiSensApplication}', contextInitializerClasses = '[]', activeProfiles = '{}', propertySourceLocations = '{}', propertySourceProperties = '{org.springframework.boot.test.context.SpringBootTestContextBootstrapper=true}', contextCustomizers = set[org.springframework.boot.test.context.SpringBootTestContextCustomizer@d44fc21, org.springframework.boot.test.context.filter.ExcludeFilterContextCustomizer@4e7dc304, org.springframework.boot.test.mock.mockito.MockitoContextCustomizer@0, org.springframework.boot.test.autoconfigure.properties.PropertyMappingContextCustomizer@0, org.springframework.boot.test.autoconfigure.web.servlet.WebDriverContextCustomizerFactory$Customizer@11438d26], resourceBasePath = 'src/main/webapp', contextLoader = 'org.springframework.boot.test.context.SpringBootContextLoader', parent = [null]]], class annotated with @DirtiesContext [false] with mode [null].
10:01:58.321 [main] DEBUG org.springframework.test.annotation.ProfileValueUtils - Retrieved @ProfileValueSourceConfiguration [null] for test class [be.pxl.vegisens.integrationtest.IntegrationTest]
10:01:58.322 [main] DEBUG org.springframework.test.annotation.ProfileValueUtils - Retrieved ProfileValueSource type [class org.springframework.test.annotation.SystemProfileValueSource] for class [be.pxl.vegisens.integrationtest.IntegrationTest]
10:01:58.323 [main] DEBUG org.springframework.test.context.support.DependencyInjectionTestExecutionListener - Performing dependency injection for test context [[DefaultTestContext@158d2680 testClass = IntegrationTest, testInstance = be.pxl.vegisens.integrationtest.IntegrationTest@4550bb58, testMethod = [null], testException = [null], mergedContextConfiguration = [WebMergedContextConfiguration@77847718 testClass = IntegrationTest, locations = '{}', classes = '{class be.pxl.vegisens.VegiSensApplication}', contextInitializerClasses = '[]', activeProfiles = '{}', propertySourceLocations = '{}', propertySourceProperties = '{org.springframework.boot.test.context.SpringBootTestContextBootstrapper=true}', contextCustomizers = set[org.springframework.boot.test.context.SpringBootTestContextCustomizer@d44fc21, org.springframework.boot.test.context.filter.ExcludeFilterContextCustomizer@4e7dc304, org.springframework.boot.test.mock.mockito.MockitoContextCustomizer@0, org.springframework.boot.test.autoconfigure.properties.PropertyMappingContextCustomizer@0, org.springframework.boot.test.autoconfigure.web.servlet.WebDriverContextCustomizerFactory$Customizer@11438d26], resourceBasePath = 'src/main/webapp', contextLoader = 'org.springframework.boot.test.context.SpringBootContextLoader', parent = [null]]]].
10:01:58.370 [main] DEBUG org.springframework.core.env.StandardEnvironment - Adding [systemProperties] PropertySource with lowest search precedence
10:01:58.370 [main] DEBUG org.springframework.core.env.StandardEnvironment - Adding [systemEnvironment] PropertySource with lowest search precedence
10:01:58.370 [main] DEBUG org.springframework.core.env.StandardEnvironment - Initialized StandardEnvironment with PropertySources [systemProperties,systemEnvironment]
10:01:58.371 [main] DEBUG org.springframework.test.context.support.TestPropertySourceUtils - Adding inlined properties to environment: {spring.jmx.enabled=false, org.springframework.boot.test.context.SpringBootTestContextBootstrapper=true}
10:01:58.371 [main] DEBUG org.springframework.core.env.StandardEnvironment - Adding [Inlined Test Properties] PropertySource with highest search precedence

  .   ____          _            __ _ _
 /\\ / ___'_ __ _ _(_)_ __  __ _ \ \ \ \
( ( )\___ | '_ | '_| | '_ \/ _` | \ \ \ \
 \\/  ___)| |_)| | | | | || (_| |  ) ) ) )
  '  |____| .__|_| |_|_| |_\__, | / / / /
 =========|_|==============|___/=/_/_/_/
 :: Spring Boot ::        (v1.4.1.RELEASE)

2016-11-07 10:01:58.838  INFO 4684 --- [           main] b.p.v.integrationtest.IntegrationTest    : Starting IntegrationTest on PC-Arno with PID 4684 (started by Arno in C:\schoolArno\Project - entmob2016_3\entmob2016_3\1 - VegiSens Java Eclipse\vegisens)
2016-11-07 10:01:58.838  INFO 4684 --- [           main] b.p.v.integrationtest.IntegrationTest    : No active profile set, falling back to default profiles: default
2016-11-07 10:01:58.865  INFO 4684 --- [           main] ationConfigEmbeddedWebApplicationContext : Refreshing org.springframework.boot.context.embedded.AnnotationConfigEmbeddedWebApplicationContext@26adfd2d: startup date [Mon Nov 07 10:01:58 CET 2016]; root of context hierarchy
2016-11-07 10:02:00.765  INFO 4684 --- [           main] trationDelegate$BeanPostProcessorChecker : Bean 'org.springframework.transaction.annotation.ProxyTransactionManagementConfiguration' of type [class org.springframework.transaction.annotation.ProxyTransactionManagementConfiguration$$EnhancerBySpringCGLIB$$528b7fd] is not eligible for getting processed by all BeanPostProcessors (for example: not eligible for auto-proxying)
2016-11-07 10:02:00.977  INFO 4684 --- [           main] trationDelegate$BeanPostProcessorChecker : Bean 'org.springframework.security.config.annotation.configuration.ObjectPostProcessorConfiguration' of type [class org.springframework.security.config.annotation.configuration.ObjectPostProcessorConfiguration$$EnhancerBySpringCGLIB$$9dd68037] is not eligible for getting processed by all BeanPostProcessors (for example: not eligible for auto-proxying)
2016-11-07 10:02:00.991  INFO 4684 --- [           main] trationDelegate$BeanPostProcessorChecker : Bean 'objectPostProcessor' of type [class org.springframework.security.config.annotation.configuration.AutowireBeanFactoryObjectPostProcessor] is not eligible for getting processed by all BeanPostProcessors (for example: not eligible for auto-proxying)
2016-11-07 10:02:00.994  INFO 4684 --- [           main] trationDelegate$BeanPostProcessorChecker : Bean 'org.springframework.security.access.expression.method.DefaultMethodSecurityExpressionHandler@ae202c6' of type [class org.springframework.security.access.expression.method.DefaultMethodSecurityExpressionHandler] is not eligible for getting processed by all BeanPostProcessors (for example: not eligible for auto-proxying)
2016-11-07 10:02:01.007  INFO 4684 --- [           main] trationDelegate$BeanPostProcessorChecker : Bean 'org.springframework.security.config.annotation.method.configuration.GlobalMethodSecurityConfiguration' of type [class org.springframework.security.config.annotation.method.configuration.GlobalMethodSecurityConfiguration$$EnhancerBySpringCGLIB$$c2ab22e9] is not eligible for getting processed by all BeanPostProcessors (for example: not eligible for auto-proxying)
2016-11-07 10:02:01.027  INFO 4684 --- [           main] trationDelegate$BeanPostProcessorChecker : Bean 'methodSecurityMetadataSource' of type [class org.springframework.security.access.method.DelegatingMethodSecurityMetadataSource] is not eligible for getting processed by all BeanPostProcessors (for example: not eligible for auto-proxying)
2016-11-07 10:02:01.707  INFO 4684 --- [           main] s.b.c.e.t.TomcatEmbeddedServletContainer : Tomcat initialized with port(s): 8081 (http)
2016-11-07 10:02:01.730  INFO 4684 --- [           main] o.apache.catalina.core.StandardService   : Starting service Tomcat
2016-11-07 10:02:01.733  INFO 4684 --- [           main] org.apache.catalina.core.StandardEngine  : Starting Servlet Engine: Apache Tomcat/8.5.5
2016-11-07 10:02:01.862  INFO 4684 --- [ost-startStop-1] o.a.c.c.C.[Tomcat].[localhost].[/]       : Initializing Spring embedded WebApplicationContext
2016-11-07 10:02:01.863  INFO 4684 --- [ost-startStop-1] o.s.web.context.ContextLoader            : Root WebApplicationContext: initialization completed in 3001 ms
2016-11-07 10:02:02.131  INFO 4684 --- [ost-startStop-1] o.s.b.w.servlet.FilterRegistrationBean   : Mapping filter: 'characterEncodingFilter' to: [/*]
2016-11-07 10:02:02.132  INFO 4684 --- [ost-startStop-1] o.s.b.w.servlet.FilterRegistrationBean   : Mapping filter: 'hiddenHttpMethodFilter' to: [/*]
2016-11-07 10:02:02.133  INFO 4684 --- [ost-startStop-1] o.s.b.w.servlet.FilterRegistrationBean   : Mapping filter: 'httpPutFormContentFilter' to: [/*]
2016-11-07 10:02:02.133  INFO 4684 --- [ost-startStop-1] o.s.b.w.servlet.FilterRegistrationBean   : Mapping filter: 'requestContextFilter' to: [/*]
2016-11-07 10:02:02.137  INFO 4684 --- [ost-startStop-1] .s.DelegatingFilterProxyRegistrationBean : Mapping filter: 'springSecurityFilterChain' to: [/*]
2016-11-07 10:02:02.138  INFO 4684 --- [ost-startStop-1] o.s.b.w.servlet.ServletRegistrationBean  : Mapping servlet: 'dispatcherServlet' to [/]
2016-11-07 10:02:02.853  INFO 4684 --- [           main] j.LocalContainerEntityManagerFactoryBean : Building JPA container EntityManagerFactory for persistence unit 'default'
2016-11-07 10:02:02.876  INFO 4684 --- [           main] o.hibernate.jpa.internal.util.LogHelper  : HHH000204: Processing PersistenceUnitInfo [
	name: default
	...]
2016-11-07 10:02:02.992  INFO 4684 --- [           main] org.hibernate.Version                    : HHH000412: Hibernate Core {5.0.11.Final}
2016-11-07 10:02:02.996  INFO 4684 --- [           main] org.hibernate.cfg.Environment            : HHH000206: hibernate.properties not found
2016-11-07 10:02:02.999  INFO 4684 --- [           main] org.hibernate.cfg.Environment            : HHH000021: Bytecode provider name : javassist
2016-11-07 10:02:03.064  INFO 4684 --- [           main] o.hibernate.annotations.common.Version   : HCANN000001: Hibernate Commons Annotations {5.0.1.Final}
2016-11-07 10:02:03.288  INFO 4684 --- [           main] org.hibernate.dialect.Dialect            : HHH000400: Using dialect: org.hibernate.dialect.MySQL5Dialect
2016-11-07 10:02:03.891  INFO 4684 --- [           main] o.h.h.i.QueryTranslatorFactoryInitiator  : HHH000397: Using ASTQueryTranslatorFactory
2016-11-07 10:02:04.063  INFO 4684 --- [           main] j.LocalContainerEntityManagerFactoryBean : Initialized JPA EntityManagerFactory for persistence unit 'default'
2016-11-07 10:02:05.402  INFO 4684 --- [           main] o.s.s.web.DefaultSecurityFilterChain     : Creating filter chain: org.springframework.security.web.util.matcher.AnyRequestMatcher@1, [org.springframework.security.web.context.request.async.WebAsyncManagerIntegrationFilter@2dd2ff87, org.springframework.security.web.context.SecurityContextPersistenceFilter@71418a4a, org.springframework.security.web.header.HeaderWriterFilter@56e8a8a0, org.springframework.security.web.authentication.logout.LogoutFilter@5ac0bf84, org.springframework.security.web.authentication.www.BasicAuthenticationFilter@625f5712, org.springframework.security.web.savedrequest.RequestCacheAwareFilter@69d021c1, org.springframework.security.web.servletapi.SecurityContextHolderAwareRequestFilter@6968bb65, org.springframework.security.web.authentication.AnonymousAuthenticationFilter@6a38e3d1, org.springframework.security.web.session.SessionManagementFilter@5939f047, org.springframework.security.web.access.ExceptionTranslationFilter@14d18029, org.springframework.security.web.access.intercept.FilterSecurityInterceptor@104bc677]
2016-11-07 10:02:05.562  INFO 4684 --- [           main] s.w.s.m.m.a.RequestMappingHandlerAdapter : Looking for @ControllerAdvice: org.springframework.boot.context.embedded.AnnotationConfigEmbeddedWebApplicationContext@26adfd2d: startup date [Mon Nov 07 10:01:58 CET 2016]; root of context hierarchy
2016-11-07 10:02:05.666  INFO 4684 --- [           main] s.w.s.m.m.a.RequestMappingHandlerMapping : Mapped "{[/growableItems/{growableItemId}],methods=[GET]}" onto public be.pxl.vegisens.domain.GrowableItem be.pxl.vegisens.controller.GrowableItemRestController.getGrowableItemById(java.lang.String)
2016-11-07 10:02:05.667  INFO 4684 --- [           main] s.w.s.m.m.a.RequestMappingHandlerMapping : Mapped "{[/growableItems/add],methods=[POST]}" onto public void be.pxl.vegisens.controller.GrowableItemRestController.addGrowableItem(be.pxl.vegisens.domain.GrowableItem)
2016-11-07 10:02:05.668  INFO 4684 --- [           main] s.w.s.m.m.a.RequestMappingHandlerMapping : Mapped "{[/growableItems/update],methods=[PUT]}" onto public void be.pxl.vegisens.controller.GrowableItemRestController.updateGrowableItem(be.pxl.vegisens.domain.GrowableItem)
2016-11-07 10:02:05.668  INFO 4684 --- [           main] s.w.s.m.m.a.RequestMappingHandlerMapping : Mapped "{[/growableItems],methods=[GET]}" onto public java.util.List<be.pxl.vegisens.domain.GrowableItem> be.pxl.vegisens.controller.GrowableItemRestController.getGrowableItems()
2016-11-07 10:02:05.670  INFO 4684 --- [           main] s.w.s.m.m.a.RequestMappingHandlerMapping : Mapped "{[/sensortypes/{sensorTypeId}],methods=[GET]}" onto public be.pxl.vegisens.domain.SensorType be.pxl.vegisens.controller.SensorTypeRestController.getSensorTypeById(java.lang.String)
2016-11-07 10:02:05.671  INFO 4684 --- [           main] s.w.s.m.m.a.RequestMappingHandlerMapping : Mapped "{[/sensortypes],methods=[GET]}" onto public java.util.List<be.pxl.vegisens.domain.SensorType> be.pxl.vegisens.controller.SensorTypeRestController.getSensorTypes()
2016-11-07 10:02:05.674  INFO 4684 --- [           main] s.w.s.m.m.a.RequestMappingHandlerMapping : Mapped "{[/error]}" onto public org.springframework.http.ResponseEntity<java.util.Map<java.lang.String, java.lang.Object>> org.springframework.boot.autoconfigure.web.BasicErrorController.error(javax.servlet.http.HttpServletRequest)
2016-11-07 10:02:05.674  INFO 4684 --- [           main] s.w.s.m.m.a.RequestMappingHandlerMapping : Mapped "{[/error],produces=[text/html]}" onto public org.springframework.web.servlet.ModelAndView org.springframework.boot.autoconfigure.web.BasicErrorController.errorHtml(javax.servlet.http.HttpServletRequest,javax.servlet.http.HttpServletResponse)
2016-11-07 10:02:05.725  INFO 4684 --- [           main] o.s.w.s.handler.SimpleUrlHandlerMapping  : Mapped URL path [/webjars/**] onto handler of type [class org.springframework.web.servlet.resource.ResourceHttpRequestHandler]
2016-11-07 10:02:05.725  INFO 4684 --- [           main] o.s.w.s.handler.SimpleUrlHandlerMapping  : Mapped URL path [/**] onto handler of type [class org.springframework.web.servlet.resource.ResourceHttpRequestHandler]
2016-11-07 10:02:05.783  INFO 4684 --- [           main] o.s.w.s.handler.SimpleUrlHandlerMapping  : Mapped URL path [/**/favicon.ico] onto handler of type [class org.springframework.web.servlet.resource.ResourceHttpRequestHandler]
2016-11-07 10:02:06.135  INFO 4684 --- [           main] o.s.c.support.DefaultLifecycleProcessor  : Starting beans in phase 2147483647
2016-11-07 10:02:06.235  INFO 4684 --- [           main] o.apache.activemq.broker.BrokerService   : Using Persistence Adapter: MemoryPersistenceAdapter
2016-11-07 10:02:06.274  INFO 4684 --- [  JMX connector] o.a.a.broker.jmx.ManagementContext       : JMX consoles can connect to service:jmx:rmi:///jndi/rmi://localhost:1099/jmxrmi
2016-11-07 10:02:06.399  INFO 4684 --- [           main] o.apache.activemq.broker.BrokerService   : Apache ActiveMQ 5.7.0 (localhost, ID:PC-Arno-50270-1478509326264-0:1) is starting
2016-11-07 10:02:06.405  INFO 4684 --- [           main] o.apache.activemq.broker.BrokerService   : Apache ActiveMQ 5.7.0 (localhost, ID:PC-Arno-50270-1478509326264-0:1) started
2016-11-07 10:02:06.406  INFO 4684 --- [           main] o.apache.activemq.broker.BrokerService   : For help or more information please see: http://activemq.apache.org
2016-11-07 10:02:06.419  INFO 4684 --- [           main] o.a.activemq.broker.TransportConnector   : Connector vm://localhost Started
2016-11-07 10:02:06.552  INFO 4684 --- [           main] s.b.c.e.t.TomcatEmbeddedServletContainer : Tomcat started on port(s): 8081 (http)
2016-11-07 10:02:06.561  INFO 4684 --- [           main] b.p.v.integrationtest.IntegrationTest    : Started IntegrationTest in 8.187 seconds (JVM running for 8.986)
2016-11-07 10:02:06.778  INFO 4684 --- [nio-8081-exec-1] o.a.c.c.C.[Tomcat].[localhost].[/]       : Initializing Spring FrameworkServlet 'dispatcherServlet'
2016-11-07 10:02:06.778  INFO 4684 --- [nio-8081-exec-1] o.s.web.servlet.DispatcherServlet        : FrameworkServlet 'dispatcherServlet': initialization started
2016-11-07 10:02:06.816  INFO 4684 --- [nio-8081-exec-1] o.s.web.servlet.DispatcherServlet        : FrameworkServlet 'dispatcherServlet': initialization completed in 38 ms
]]></system-out>
  </testcase>
</testsuite>